[02-Jan-2014 16:54:38 Europe/Rome] Ciaoooo
[02-Jan-2014 16:55:07 Europe/Rome] PHP Warning:  error_log() expects parameter 1 to be string, array given in /home/sergiu/git/great-notes/app/controllers/application_controller.php on line 25
[02-Jan-2014 16:55:23 Europe/Rome] 
[02-Jan-2014 17:01:38 Europe/Rome] args: 1
[02-Jan-2014 17:01:48 Europe/Rome] args: 1
[02-Jan-2014 17:01:56 Europe/Rome] args: 1
[02-Jan-2014 17:02:03 Europe/Rome] args: 1
[02-Jan-2014 17:03:00 Europe/Rome] args: 1
[02-Jan-2014 17:04:12 Europe/Rome] PHP Notice:  Undefined variable: output in /home/sergiu/git/great-notes/app/views/layouts/application.php on line 47
[02-Jan-2014 17:04:17 Europe/Rome] PHP Notice:  Undefined variable: output in /home/sergiu/git/great-notes/app/views/layouts/application.php on line 47
[02-Jan-2014 17:04:18 Europe/Rome] PHP Notice:  Undefined variable: output in /home/sergiu/git/great-notes/app/views/layouts/application.php on line 47
[02-Jan-2014 17:04:19 Europe/Rome] PHP Notice:  Undefined variable: output in /home/sergiu/git/great-notes/app/views/layouts/application.php on line 47
[02-Jan-2014 17:04:20 Europe/Rome] PHP Notice:  Undefined variable: output in /home/sergiu/git/great-notes/app/views/layouts/application.php on line 47
[02-Jan-2014 17:04:47 Europe/Rome] args: 1
[02-Jan-2014 17:05:04 Europe/Rome] args: 1
[02-Jan-2014 17:05:05 Europe/Rome] args: 1
[02-Jan-2014 17:05:21 Europe/Rome] args: 1
[02-Jan-2014 17:05:23 Europe/Rome] args: 1
[02-Jan-2014 17:06:18 Europe/Rome] args: 1
[02-Jan-2014 17:06:19 Europe/Rome] args: 1
[02-Jan-2014 17:06:22 Europe/Rome] args: 1
[02-Jan-2014 17:10:35 Europe/Rome] args: 1
[02-Jan-2014 20:16:25 Europe/Rome] PHP Warning:  pg_prepare(): Query failed: ERROR:  relation &quot;courses&quot; does not exist
LINE 1: SELECT * FROM courses
                      ^ in /home/sergiu/git/great-notes/lib/PostgresqlAdapter.php on line 44
[02-Jan-2014 20:16:25 Europe/Rome] PHP Warning:  pg_execute(): Query failed: ERROR:  unnamed prepared statement does not exist in /home/sergiu/git/great-notes/lib/PostgresqlAdapter.php on line 45
[02-Jan-2014 20:16:25 Europe/Rome] PHP Warning:  pg_fetch_all() expects parameter 1 to be resource, boolean given in /home/sergiu/git/great-notes/lib/PostgresqlAdapter.php on line 46
[02-Jan-2014 20:16:28 Europe/Rome] PHP Warning:  pg_prepare(): Query failed: ERROR:  relation &quot;courses&quot; does not exist
LINE 1: SELECT * FROM courses
                      ^ in /home/sergiu/git/great-notes/lib/PostgresqlAdapter.php on line 44
[02-Jan-2014 20:16:28 Europe/Rome] PHP Warning:  pg_execute(): Query failed: ERROR:  unnamed prepared statement does not exist in /home/sergiu/git/great-notes/lib/PostgresqlAdapter.php on line 45
[02-Jan-2014 20:16:28 Europe/Rome] PHP Warning:  pg_fetch_all() expects parameter 1 to be resource, boolean given in /home/sergiu/git/great-notes/lib/PostgresqlAdapter.php on line 46
[02-Jan-2014 20:17:12 Europe/Rome] PHP Warning:  pg_prepare(): Query failed: ERROR:  relation &quot;courses&quot; does not exist
LINE 1: SELECT * FROM courses
                      ^ in /home/sergiu/git/great-notes/lib/PostgresqlAdapter.php on line 44
[02-Jan-2014 20:17:12 Europe/Rome] PHP Warning:  pg_execute(): Query failed: ERROR:  unnamed prepared statement does not exist in /home/sergiu/git/great-notes/lib/PostgresqlAdapter.php on line 45
[02-Jan-2014 20:17:12 Europe/Rome] PHP Warning:  pg_fetch_all() expects parameter 1 to be resource, boolean given in /home/sergiu/git/great-notes/lib/PostgresqlAdapter.php on line 46
[02-Jan-2014 20:17:42 Europe/Rome] PHP Warning:  pg_prepare(): Query failed: ERROR:  relation &quot;courses&quot; does not exist
LINE 1: SELECT * FROM courses
                      ^ in /home/sergiu/git/great-notes/lib/PostgresqlAdapter.php on line 44
[02-Jan-2014 20:17:42 Europe/Rome] PHP Warning:  pg_execute(): Query failed: ERROR:  unnamed prepared statement does not exist in /home/sergiu/git/great-notes/lib/PostgresqlAdapter.php on line 45
[02-Jan-2014 20:17:42 Europe/Rome] PHP Warning:  pg_fetch_all() expects parameter 1 to be resource, boolean given in /home/sergiu/git/great-notes/lib/PostgresqlAdapter.php on line 46
[02-Jan-2014 20:21:42 Europe/Rome] PHP Notice:  Undefined property: Course::$id in /home/sergiu/git/great-notes/app/views/courses/_courses_list.php on line 19
[02-Jan-2014 20:21:42 Europe/Rome] PHP Notice:  Undefined property: Course::$id in /home/sergiu/git/great-notes/app/views/courses/_courses_list.php on line 21
[02-Jan-2014 20:21:42 Europe/Rome] PHP Notice:  Undefined property: Course::$id in /home/sergiu/git/great-notes/app/views/courses/_courses_list.php on line 24
[02-Jan-2014 20:22:24 Europe/Rome] PHP Notice:  Undefined property: Course::$id in /home/sergiu/git/great-notes/app/views/courses/_courses_list.php on line 19
[02-Jan-2014 20:22:24 Europe/Rome] PHP Notice:  Undefined property: Course::$id in /home/sergiu/git/great-notes/app/views/courses/_courses_list.php on line 21
[02-Jan-2014 20:22:24 Europe/Rome] PHP Notice:  Undefined property: Course::$id in /home/sergiu/git/great-notes/app/views/courses/_courses_list.php on line 24
[02-Jan-2014 20:22:34 Europe/Rome] PHP Notice:  Undefined property: Course::$id in /home/sergiu/git/great-notes/app/views/courses/_courses_list.php on line 19
[02-Jan-2014 20:22:34 Europe/Rome] PHP Notice:  Undefined property: Course::$id in /home/sergiu/git/great-notes/app/views/courses/_courses_list.php on line 21
[02-Jan-2014 20:22:34 Europe/Rome] PHP Notice:  Undefined property: Course::$id in /home/sergiu/git/great-notes/app/views/courses/_courses_list.php on line 24
[02-Jan-2014 20:24:42 Europe/Rome] PHP Notice:  Undefined property: Course::$id in /home/sergiu/git/great-notes/app/views/courses/_courses_list.php on line 19
[02-Jan-2014 20:24:42 Europe/Rome] PHP Notice:  Undefined property: Course::$id in /home/sergiu/git/great-notes/app/views/courses/_courses_list.php on line 21
[02-Jan-2014 20:24:42 Europe/Rome] PHP Notice:  Undefined property: Course::$id in /home/sergiu/git/great-notes/app/views/courses/_courses_list.php on line 24
[02-Jan-2014 20:24:43 Europe/Rome] PHP Notice:  Undefined property: Course::$id in /home/sergiu/git/great-notes/app/views/courses/_courses_list.php on line 19
[02-Jan-2014 20:24:43 Europe/Rome] PHP Notice:  Undefined property: Course::$id in /home/sergiu/git/great-notes/app/views/courses/_courses_list.php on line 21
[02-Jan-2014 20:24:43 Europe/Rome] PHP Notice:  Undefined property: Course::$id in /home/sergiu/git/great-notes/app/views/courses/_courses_list.php on line 24
[02-Jan-2014 20:25:30 Europe/Rome] PHP Notice:  Undefined property: Course::$id in /home/sergiu/git/great-notes/app/views/courses/_courses_list.php on line 19
[02-Jan-2014 20:25:30 Europe/Rome] PHP Notice:  Undefined property: Course::$id in /home/sergiu/git/great-notes/app/views/courses/_courses_list.php on line 21
[02-Jan-2014 20:25:30 Europe/Rome] PHP Notice:  Undefined property: Course::$id in /home/sergiu/git/great-notes/app/views/courses/_courses_list.php on line 24
[03-Jan-2014 00:13:47 Europe/Rome] PHP Notice:  Undefined offset: 0 in /home/sergiu/git/great-notes/app/controllers/courses_controller.php on line 9
[03-Jan-2014 00:13:47 Europe/Rome] PHP Warning:  pg_prepare(): Query failed: ERROR:  column &quot;course_id&quot; does not exist
LINE 1: SELECT * FROM lessons WHERE course_id=$1
                                    ^ in /home/sergiu/git/great-notes/lib/PostgresqlAdapter.php on line 44
[03-Jan-2014 00:13:47 Europe/Rome] PHP Warning:  pg_execute(): Query failed: ERROR:  unnamed prepared statement does not exist in /home/sergiu/git/great-notes/lib/PostgresqlAdapter.php on line 45
[03-Jan-2014 00:13:47 Europe/Rome] PHP Warning:  pg_fetch_all() expects parameter 1 to be resource, boolean given in /home/sergiu/git/great-notes/lib/PostgresqlAdapter.php on line 46
[03-Jan-2014 00:13:47 Europe/Rome] PHP Notice:  Trying to get property of non-object in /home/sergiu/git/great-notes/app/views/courses/details.php on line 4
[03-Jan-2014 00:13:47 Europe/Rome] PHP Notice:  Trying to get property of non-object in /home/sergiu/git/great-notes/app/views/courses/details.php on line 15
[03-Jan-2014 00:13:47 Europe/Rome] PHP Notice:  Trying to get property of non-object in /home/sergiu/git/great-notes/app/views/courses/details.php on line 23
[03-Jan-2014 00:13:47 Europe/Rome] PHP Notice:  Trying to get property of non-object in /home/sergiu/git/great-notes/app/views/courses/details.php on line 31
[03-Jan-2014 00:13:47 Europe/Rome] PHP Notice:  Trying to get property of non-object in /home/sergiu/git/great-notes/app/views/courses/_lessons_list.php on line 6
[03-Jan-2014 00:13:51 Europe/Rome] PHP Notice:  Undefined property: Course::$id in /home/sergiu/git/great-notes/app/views/courses/_courses_list.php on line 19
[03-Jan-2014 00:14:07 Europe/Rome] PHP Notice:  Undefined property: Course::$id in /home/sergiu/git/great-notes/app/views/courses/_courses_list.php on line 19
[03-Jan-2014 00:14:07 Europe/Rome] PHP Notice:  Undefined property: Course::$id in /home/sergiu/git/great-notes/app/views/courses/_courses_list.php on line 21
[03-Jan-2014 00:14:07 Europe/Rome] PHP Notice:  Undefined property: Course::$id in /home/sergiu/git/great-notes/app/views/courses/_courses_list.php on line 24
[03-Jan-2014 00:27:39 Europe/Rome] PHP Notice:  Undefined property: Course::$id in /home/sergiu/git/great-notes/app/views/courses/_courses_list.php on line 19
[03-Jan-2014 00:27:39 Europe/Rome] PHP Notice:  Undefined property: Course::$id in /home/sergiu/git/great-notes/app/views/courses/_courses_list.php on line 21
[03-Jan-2014 00:27:39 Europe/Rome] PHP Notice:  Undefined property: Course::$id in /home/sergiu/git/great-notes/app/views/courses/_courses_list.php on line 24
[03-Jan-2014 00:28:20 Europe/Rome] PHP Notice:  Undefined property: Course::$id in /home/sergiu/git/great-notes/app/views/courses/_courses_list.php on line 21
[03-Jan-2014 00:28:20 Europe/Rome] PHP Notice:  Undefined property: Course::$id in /home/sergiu/git/great-notes/app/views/courses/_courses_list.php on line 24
[03-Jan-2014 00:28:22 Europe/Rome] PHP Notice:  Undefined property: Course::$id in /home/sergiu/git/great-notes/app/views/courses/_courses_list.php on line 21
[03-Jan-2014 00:28:22 Europe/Rome] PHP Notice:  Undefined property: Course::$id in /home/sergiu/git/great-notes/app/views/courses/_courses_list.php on line 24
[03-Jan-2014 00:29:05 Europe/Rome] PHP Notice:  Undefined property: Course::$id in /home/sergiu/git/great-notes/app/views/courses/_courses_list.php on line 21
[03-Jan-2014 00:39:36 Europe/Rome] PHP Notice:  Undefined offset: 0 in /home/sergiu/git/great-notes/app/controllers/courses_controller.php on line 65
[03-Jan-2014 00:39:36 Europe/Rome] PHP Notice:  Trying to get property of non-object in /home/sergiu/git/great-notes/app/views/courses/lessons.php on line 3
[03-Jan-2014 00:42:02 Europe/Rome] PHP Notice:  Undefined offset: 0 in /home/sergiu/git/great-notes/app/controllers/courses_controller.php on line 64
[03-Jan-2014 01:00:32 Europe/Rome] PHP Warning:  pg_prepare(): Query failed: ERROR:  column &quot;l.lessons&quot; must appear in the GROUP BY clause or be used in an aggregate function in /home/sergiu/git/great-notes/lib/PostgresqlAdapter.php on line 44
[03-Jan-2014 01:00:32 Europe/Rome] PHP Warning:  pg_execute(): Query failed: ERROR:  unnamed prepared statement does not exist in /home/sergiu/git/great-notes/lib/PostgresqlAdapter.php on line 45
[03-Jan-2014 01:00:32 Europe/Rome] PHP Warning:  pg_fetch_all() expects parameter 1 to be resource, boolean given in /home/sergiu/git/great-notes/lib/PostgresqlAdapter.php on line 46
[03-Jan-2014 01:11:08 Europe/Rome] PHP Notice:  Undefined index: id in /home/sergiu/git/great-notes/app/controllers/courses_controller.php on line 39
[03-Jan-2014 01:11:08 Europe/Rome] PHP Notice:  Undefined property: Course::$id in /home/sergiu/git/great-notes/app/views/courses/_edit.php on line 5
[03-Jan-2014 01:11:08 Europe/Rome] PHP Notice:  Undefined property: Course::$year in /home/sergiu/git/great-notes/app/views/courses/_edit.php on line 40
[03-Jan-2014 01:13:51 Europe/Rome] PHP Notice:  Undefined index: id in /home/sergiu/git/great-notes/app/controllers/courses_controller.php on line 39
[03-Jan-2014 01:14:39 Europe/Rome] PHP Notice:  Undefined index: code in /home/sergiu/git/great-notes/app/controllers/courses_controller.php on line 39
[03-Jan-2014 01:17:12 Europe/Rome] PHP Notice:  Undefined index: code in /home/sergiu/git/great-notes/app/controllers/courses_controller.php on line 39
[03-Jan-2014 01:30:44 Europe/Rome] PHP Warning:  include(app/views/courses/lessons.php): failed to open stream: No such file or directory in /home/sergiu/git/great-notes/app/controllers/application_controller.php on line 26
[03-Jan-2014 01:30:44 Europe/Rome] PHP Warning:  include(): Failed opening 'app/views/courses/lessons.php' for inclusion (include_path='.:/usr/share/php:/usr/share/pear') in /home/sergiu/git/great-notes/app/controllers/application_controller.php on line 26
[03-Jan-2014 01:36:10 Europe/Rome] PHP Parse error:  syntax error, unexpected '}' in /home/sergiu/git/great-notes/app/views/courses/lessons.php on line 15
[03-Jan-2014 01:41:04 Europe/Rome] PHP Notice:  Undefined index: code in /home/sergiu/git/great-notes/app/views/courses/_form.php on line 10
[03-Jan-2014 01:41:04 Europe/Rome] PHP Notice:  Undefined index: name in /home/sergiu/git/great-notes/app/views/courses/_form.php on line 27
[03-Jan-2014 01:41:04 Europe/Rome] PHP Notice:  Undefined index: professor in /home/sergiu/git/great-notes/app/views/courses/_form.php on line 40
[03-Jan-2014 01:42:40 Europe/Rome] PHP Notice:  Undefined index: code in /home/sergiu/git/great-notes/app/views/courses/_form.php on line 11
[03-Jan-2014 01:42:40 Europe/Rome] PHP Notice:  Undefined index: name in /home/sergiu/git/great-notes/app/views/courses/_form.php on line 28
[03-Jan-2014 01:42:40 Europe/Rome] PHP Notice:  Undefined index: professor in /home/sergiu/git/great-notes/app/views/courses/_form.php on line 41
[03-Jan-2014 01:43:06 Europe/Rome] PHP Notice:  Undefined index: code in /home/sergiu/git/great-notes/app/views/courses/_form.php on line 2
[03-Jan-2014 01:43:06 Europe/Rome] PHP Notice:  Undefined index: code in /home/sergiu/git/great-notes/app/views/courses/_form.php on line 11
[03-Jan-2014 01:43:06 Europe/Rome] PHP Notice:  Undefined index: name in /home/sergiu/git/great-notes/app/views/courses/_form.php on line 28
[03-Jan-2014 01:43:06 Europe/Rome] PHP Notice:  Undefined index: professor in /home/sergiu/git/great-notes/app/views/courses/_form.php on line 41
[03-Jan-2014 01:47:51 Europe/Rome] PHP Parse error:  syntax error, unexpected '{' in /home/sergiu/git/great-notes/app/controllers/courses_controller.php on line 39
[03-Jan-2014 01:47:51 Europe/Rome] PHP Parse error:  syntax error, unexpected '{' in /home/sergiu/git/great-notes/app/controllers/courses_controller.php on line 39
[03-Jan-2014 01:52:37 Europe/Rome] PHP Warning:  pg_prepare(): Query failed: ERROR:  column &quot;id&quot; does not exist
LINE 1: DELETE FROM courses WHERE id=$1
                                  ^ in /home/sergiu/git/great-notes/lib/PostgresqlAdapter.php on line 58
[03-Jan-2014 01:52:37 Europe/Rome] PHP Warning:  pg_execute(): Query failed: ERROR:  unnamed prepared statement does not exist in /home/sergiu/git/great-notes/lib/PostgresqlAdapter.php on line 59
[03-Jan-2014 01:53:42 Europe/Rome] PHP Notice:  Undefined index: course in /home/sergiu/git/great-notes/app/controllers/courses_controller.php on line 76
[03-Jan-2014 01:53:42 Europe/Rome] PHP Notice:  Undefined index: course in /home/sergiu/git/great-notes/app/controllers/courses_controller.php on line 77
[03-Jan-2014 01:53:42 Europe/Rome] PHP Warning:  pg_prepare(): Query failed: ERROR:  column &quot;course&quot; does not exist
LINE 1: DELETE FROM courses WHERE course=$1
                                  ^ in /home/sergiu/git/great-notes/lib/PostgresqlAdapter.php on line 58
[03-Jan-2014 01:53:42 Europe/Rome] PHP Warning:  pg_execute(): Query failed: ERROR:  unnamed prepared statement does not exist in /home/sergiu/git/great-notes/lib/PostgresqlAdapter.php on line 59
[03-Jan-2014 01:56:52 Europe/Rome] PHP Notice:  Undefined index: course in /home/sergiu/git/great-notes/app/controllers/courses_controller.php on line 76
[03-Jan-2014 01:56:52 Europe/Rome] PHP Warning:  pg_prepare(): Query failed: ERROR:  column &quot;course&quot; does not exist
LINE 1: DELETE FROM courses WHERE course=$1
                                  ^ in /home/sergiu/git/great-notes/lib/PostgresqlAdapter.php on line 58
[03-Jan-2014 01:56:52 Europe/Rome] PHP Warning:  pg_execute(): Query failed: ERROR:  unnamed prepared statement does not exist in /home/sergiu/git/great-notes/lib/PostgresqlAdapter.php on line 59
[03-Jan-2014 01:58:15 Europe/Rome] PHP Notice:  Undefined index: course in /home/sergiu/git/great-notes/app/controllers/courses_controller.php on line 76
[03-Jan-2014 01:58:15 Europe/Rome] PHP Warning:  Missing argument 2 for Model::execute(), called in /home/sergiu/git/great-notes/app/models/course.php on line 47 and defined in /home/sergiu/git/great-notes/lib/Model.php on line 74
[03-Jan-2014 01:58:15 Europe/Rome] PHP Warning:  pg_prepare(): Query failed: ERROR:  column &quot;course&quot; does not exist
LINE 1: DELETE FROM courses WHERE course=$1
                                  ^ in /home/sergiu/git/great-notes/lib/PostgresqlAdapter.php on line 58
[03-Jan-2014 01:58:15 Europe/Rome] PHP Warning:  pg_execute(): Query failed: ERROR:  unnamed prepared statement does not exist in /home/sergiu/git/great-notes/lib/PostgresqlAdapter.php on line 59
[03-Jan-2014 01:58:15 Europe/Rome] PHP Warning:  Missing argument 2 for Model::execute(), called in /home/sergiu/git/great-notes/app/models/course.php on line 51 and defined in /home/sergiu/git/great-notes/lib/Model.php on line 74
[03-Jan-2014 01:58:50 Europe/Rome] PHP Notice:  Undefined index: course in /home/sergiu/git/great-notes/app/controllers/courses_controller.php on line 76
[03-Jan-2014 01:58:50 Europe/Rome] PHP Warning:  Missing argument 2 for Model::execute(), called in /home/sergiu/git/great-notes/app/models/course.php on line 47 and defined in /home/sergiu/git/great-notes/lib/Model.php on line 74
[03-Jan-2014 01:58:50 Europe/Rome] PHP Warning:  Missing argument 2 for Model::execute(), called in /home/sergiu/git/great-notes/app/models/course.php on line 54 and defined in /home/sergiu/git/great-notes/lib/Model.php on line 74
[03-Jan-2014 01:58:50 Europe/Rome] PHP Fatal error:  Cannot use object of type Course as array in /home/sergiu/git/great-notes/app/controllers/courses_controller.php on line 80
[03-Jan-2014 01:59:30 Europe/Rome] PHP Notice:  Undefined index: course in /home/sergiu/git/great-notes/app/controllers/courses_controller.php on line 76
[03-Jan-2014 01:59:30 Europe/Rome] PHP Warning:  Missing argument 2 for Model::execute(), called in /home/sergiu/git/great-notes/app/models/course.php on line 47 and defined in /home/sergiu/git/great-notes/lib/Model.php on line 74
[03-Jan-2014 01:59:30 Europe/Rome] PHP Warning:  Missing argument 2 for Model::execute(), called in /home/sergiu/git/great-notes/app/models/course.php on line 54 and defined in /home/sergiu/git/great-notes/lib/Model.php on line 74
[03-Jan-2014 02:00:15 Europe/Rome] PHP Notice:  Undefined index: course in /home/sergiu/git/great-notes/app/controllers/courses_controller.php on line 76
[03-Jan-2014 02:00:15 Europe/Rome] PHP Warning:  Missing argument 2 for Model::execute(), called in /home/sergiu/git/great-notes/app/models/course.php on line 47 and defined in /home/sergiu/git/great-notes/lib/Model.php on line 74
[03-Jan-2014 02:00:15 Europe/Rome] PHP Warning:  Missing argument 2 for Model::execute(), called in /home/sergiu/git/great-notes/app/models/course.php on line 54 and defined in /home/sergiu/git/great-notes/lib/Model.php on line 74
[03-Jan-2014 02:00:41 Europe/Rome] PHP Notice:  Undefined index: course in /home/sergiu/git/great-notes/app/controllers/courses_controller.php on line 76
[03-Jan-2014 02:00:41 Europe/Rome] PHP Warning:  Missing argument 2 for Model::execute(), called in /home/sergiu/git/great-notes/app/models/course.php on line 47 and defined in /home/sergiu/git/great-notes/lib/Model.php on line 74
[03-Jan-2014 02:00:41 Europe/Rome] PHP Warning:  Missing argument 2 for Model::execute(), called in /home/sergiu/git/great-notes/app/models/course.php on line 54 and defined in /home/sergiu/git/great-notes/lib/Model.php on line 74
[03-Jan-2014 02:00:55 Europe/Rome] PHP Notice:  Undefined index: course in /home/sergiu/git/great-notes/app/controllers/courses_controller.php on line 76
[03-Jan-2014 02:00:55 Europe/Rome] PHP Warning:  Missing argument 2 for Model::execute(), called in /home/sergiu/git/great-notes/app/models/course.php on line 47 and defined in /home/sergiu/git/great-notes/lib/Model.php on line 74
[03-Jan-2014 02:00:55 Europe/Rome] PHP Warning:  Missing argument 2 for Model::execute(), called in /home/sergiu/git/great-notes/app/models/course.php on line 54 and defined in /home/sergiu/git/great-notes/lib/Model.php on line 74
